Performing C SOURCE FILE Test RDSEED_RUN_RESULT succeeded with the following output:
Change Dir: /Users/emmadauterman/Projects/zkboo-r1cs/src/build/CMakeFiles/CMakeTmp

Run Build Command:"/usr/bin/make" "cmTC_0dd88/fast"
/Applications/Xcode.app/Contents/Developer/usr/bin/make -f CMakeFiles/cmTC_0dd88.dir/build.make CMakeFiles/cmTC_0dd88.dir/build
Building C object CMakeFiles/cmTC_0dd88.dir/src.c.o
/Applications/Xcode.app/Contents/Developer/Toolchains/XcodeDefault.xctoolchain/usr/bin/cc   -I/usr/local/opt/openssl/include:-I/usr/local/include -pthread -Wall -funroll-loops -Wno-ignored-attributes -Wno-unused-result -march=native -maes -mrdseed -DRDSEED_RUN_RESULT -mrdseed -isysroot /Applications/Xcode.app/Contents/Developer/Platforms/MacOSX.platform/Developer/SDKs/MacOSX12.1.sdk -mmacosx-version-min=11.6   -o CMakeFiles/cmTC_0dd88.dir/src.c.o   -c /Users/emmadauterman/Projects/zkboo-r1cs/src/build/CMakeFiles/CMakeTmp/src.c
Linking C executable cmTC_0dd88
/usr/local/Cellar/cmake/3.11.4/bin/cmake -E cmake_link_script CMakeFiles/cmTC_0dd88.dir/link.txt --verbose=1
/Applications/Xcode.app/Contents/Developer/Toolchains/XcodeDefault.xctoolchain/usr/bin/cc -I/usr/local/opt/openssl/include:-I/usr/local/include -pthread -Wall -funroll-loops -Wno-ignored-attributes -Wno-unused-result -march=native -maes -mrdseed -DRDSEED_RUN_RESULT -mrdseed -isysroot /Applications/Xcode.app/Contents/Developer/Platforms/MacOSX.platform/Developer/SDKs/MacOSX12.1.sdk -mmacosx-version-min=11.6 -Wl,-search_paths_first -Wl,-headerpad_max_install_names -L/usr/local/opt/openssl/lib:-L/usr/local/lib  CMakeFiles/cmTC_0dd88.dir/src.c.o  -o cmTC_0dd88 
ld: warning: directory not found for option '-L/usr/local/opt/openssl/lib:-L/usr/local/lib'

Return value: 1
Source file was:
#include <x86intrin.h>
int main(){
unsigned long long r;
_rdseed64_step(&r);
return 0;
}

Performing C SOURCE FILE Test RDSEED_RUN_RESULT succeeded with the following output:
Change Dir: /Users/emmadauterman/Projects/zkboo-r1cs/emp-tool/zkboo/build/CMakeFiles/CMakeTmp

Run Build Command:"/usr/bin/make" "cmTC_7413f/fast"
/Applications/Xcode.app/Contents/Developer/usr/bin/make -f CMakeFiles/cmTC_7413f.dir/build.make CMakeFiles/cmTC_7413f.dir/build
Building C object CMakeFiles/cmTC_7413f.dir/src.c.o
/Applications/Xcode.app/Contents/Developer/Toolchains/XcodeDefault.xctoolchain/usr/bin/cc   -I/usr/local/opt/openssl/include:-I/usr/local/include -pthread -Wall -funroll-loops -Wno-ignored-attributes -Wno-unused-result -march=native -maes -mrdseed -DRDSEED_RUN_RESULT -mrdseed -isysroot /Applications/Xcode.app/Contents/Developer/Platforms/MacOSX.platform/Developer/SDKs/MacOSX12.1.sdk -mmacosx-version-min=11.6   -o CMakeFiles/cmTC_7413f.dir/src.c.o   -c /Users/emmadauterman/Projects/zkboo-r1cs/emp-tool/zkboo/build/CMakeFiles/CMakeTmp/src.c
Linking C executable cmTC_7413f
/usr/local/Cellar/cmake/3.11.4/bin/cmake -E cmake_link_script CMakeFiles/cmTC_7413f.dir/link.txt --verbose=1
/Applications/Xcode.app/Contents/Developer/Toolchains/XcodeDefault.xctoolchain/usr/bin/cc -I/usr/local/opt/openssl/include:-I/usr/local/include -pthread -Wall -funroll-loops -Wno-ignored-attributes -Wno-unused-result -march=native -maes -mrdseed -DRDSEED_RUN_RESULT -mrdseed -isysroot /Applications/Xcode.app/Contents/Developer/Platforms/MacOSX.platform/Developer/SDKs/MacOSX12.1.sdk -mmacosx-version-min=11.6 -Wl,-search_paths_first -Wl,-headerpad_max_install_names -L/usr/local/opt/openssl/lib:-L/usr/local/lib  CMakeFiles/cmTC_7413f.dir/src.c.o  -o cmTC_7413f 
ld: warning: directory not found for option '-L/usr/local/opt/openssl/lib:-L/usr/local/lib'

Return value: 1
Source file was:
#include <x86intrin.h>
int main(){
unsigned long long r;
_rdseed64_step(&r);
return 0;
}

Performing C SOURCE FILE Test RDSEED_RUN_RESULT succeeded with the following output:
Change Dir: /Users/emmadauterman/Projects/zkboo-r1cs/emp-tool/zkboo/build/CMakeFiles/CMakeTmp

Run Build Command:"/usr/bin/make" "cmTC_fb5c9/fast"
/Applications/Xcode.app/Contents/Developer/usr/bin/make -f CMakeFiles/cmTC_fb5c9.dir/build.make CMakeFiles/cmTC_fb5c9.dir/build
Building C object CMakeFiles/cmTC_fb5c9.dir/src.c.o
/Applications/Xcode.app/Contents/Developer/Toolchains/XcodeDefault.xctoolchain/usr/bin/cc   -I/usr/local/opt/openssl/include:-I/usr/local/include -pthread -Wall -funroll-loops -Wno-ignored-attributes -Wno-unused-result -march=native -maes -mrdseed -DRDSEED_RUN_RESULT -mrdseed -isysroot /Applications/Xcode.app/Contents/Developer/Platforms/MacOSX.platform/Developer/SDKs/MacOSX12.1.sdk -mmacosx-version-min=11.6   -o CMakeFiles/cmTC_fb5c9.dir/src.c.o   -c /Users/emmadauterman/Projects/zkboo-r1cs/emp-tool/zkboo/build/CMakeFiles/CMakeTmp/src.c
Linking C executable cmTC_fb5c9
/usr/local/Cellar/cmake/3.11.4/bin/cmake -E cmake_link_script CMakeFiles/cmTC_fb5c9.dir/link.txt --verbose=1
/Applications/Xcode.app/Contents/Developer/Toolchains/XcodeDefault.xctoolchain/usr/bin/cc -I/usr/local/opt/openssl/include:-I/usr/local/include -pthread -Wall -funroll-loops -Wno-ignored-attributes -Wno-unused-result -march=native -maes -mrdseed -DRDSEED_RUN_RESULT -mrdseed -isysroot /Applications/Xcode.app/Contents/Developer/Platforms/MacOSX.platform/Developer/SDKs/MacOSX12.1.sdk -mmacosx-version-min=11.6 -Wl,-search_paths_first -Wl,-headerpad_max_install_names -L/usr/local/opt/openssl/lib:-L/usr/local/lib  CMakeFiles/cmTC_fb5c9.dir/src.c.o  -o cmTC_fb5c9 
ld: warning: directory not found for option '-L/usr/local/opt/openssl/lib:-L/usr/local/lib'

Return value: 1
Source file was:
#include <x86intrin.h>
int main(){
unsigned long long r;
_rdseed64_step(&r);
return 0;
}

